Copyright 1986-2022 Xilinx, Inc. All Rights Reserved. Copyright 2022-2023 Advanced Micro Devices, Inc. All Rights Reserved.
---------------------------------------------------------------------------------------------------------------------------------------------
| Tool Version : Vivado v.2023.2 (win64) Build 4029153 Fri Oct 13 20:14:34 MDT 2023
| Date         : Mon May  5 09:43:09 2025
| Host         : DESKTOP-OBENCRP running 64-bit major release  (build 9200)
| Command      : report_control_sets -verbose -file vga_control_sets_placed.rpt
| Design       : vga
| Device       : xc7a35t
---------------------------------------------------------------------------------------------------------------------------------------------

Control Set Information

Table of Contents
-----------------
1. Summary
2. Histogram
3. Flip-Flop Distribution
4. Detailed Control Set Information

1. Summary
----------

+----------------------------------------------------------+-------+
|                          Status                          | Count |
+----------------------------------------------------------+-------+
| Total control sets                                       |    12 |
|    Minimum number of control sets                        |    12 |
|    Addition due to synthesis replication                 |     0 |
|    Addition due to physical synthesis replication        |     0 |
| Unused register locations in slices containing registers |    60 |
+----------------------------------------------------------+-------+
* Control sets can be merged at opt_design using control_set_merge or merge_equivalent_drivers
** Run report_qor_suggestions for automated merging and remapping suggestions


2. Histogram
------------

+--------------------+-------+
|       Fanout       | Count |
+--------------------+-------+
| Total control sets |    12 |
| >= 0 to < 4        |     4 |
| >= 4 to < 6        |     3 |
| >= 6 to < 8        |     0 |
| >= 8 to < 10       |     1 |
| >= 10 to < 12      |     1 |
| >= 12 to < 14      |     1 |
| >= 14 to < 16      |     0 |
| >= 16              |     2 |
+--------------------+-------+
* Control sets can be remapped at either synth_design or opt_design


3. Flip-Flop Distribution
-------------------------

+--------------+-----------------------+------------------------+-----------------+--------------+
| Clock Enable | Synchronous Set/Reset | Asynchronous Set/Reset | Total Registers | Total Slices |
+--------------+-----------------------+------------------------+-----------------+--------------+
| No           | No                    | No                     |              45 |           15 |
| No           | No                    | Yes                    |             210 |           89 |
| No           | Yes                   | No                     |               0 |            0 |
| Yes          | No                    | No                     |              14 |            5 |
| Yes          | No                    | Yes                    |              19 |            6 |
| Yes          | Yes                   | No                     |              12 |            5 |
+--------------+-----------------------+------------------------+-----------------+--------------+


4. Detailed Control Set Information
-----------------------------------

+----------------------+-------------------------------------+--------------------+------------------+----------------+--------------+
|     Clock Signal     |            Enable Signal            |  Set/Reset Signal  | Slice Load Count | Bel Load Count | Bels / Slice |
+----------------------+-------------------------------------+--------------------+------------------+----------------+--------------+
|  clkdiv_instance/clk |                                     |                    |                1 |              1 |         1.00 |
|  clkdiv_instance/clk |                                     | MPG_instance/reset |                1 |              1 |         1.00 |
|  clk_IBUF_BUFG       |                                     | MPG_instance/reset |                1 |              1 |         1.00 |
|  clk25MHz_BUFG       |                                     |                    |                2 |              2 |         1.00 |
|  clk25MHz_BUFG       | MPG_instance/E[0]                   | led_OBUF[0]        |                1 |              4 |         4.00 |
|  clk25MHz_BUFG       | MPG_instance/s_dff2_out_reg[3]_0[0] | led_OBUF[0]        |                1 |              4 |         4.00 |
|  clk_IBUF_BUFG       | MPG_instance/s_en_in                |                    |                2 |              5 |         2.50 |
|  clk25MHz_BUFG       | CoordX                              |                    |                3 |              9 |         3.00 |
|  clk25MHz_BUFG       | TCH_reg_n_0                         | led_OBUF[0]        |                4 |             11 |         2.75 |
|  clk25MHz_BUFG       | R[2]_i_2_n_0                        | G                  |                5 |             12 |         2.40 |
|  clk_IBUF_BUFG       |                                     |                    |               12 |             42 |         3.50 |
|  clk25MHz_BUFG       |                                     | led_OBUF[0]        |               87 |            208 |         2.39 |
+----------------------+-------------------------------------+--------------------+------------------+----------------+--------------+


